

Started GET "/assets/rails.png" for 127.0.0.1 at 2013-09-30 18:56:57 -0700
Connecting to database specified by database.yml
Served asset /rails.png - 304 Not Modified (268ms)


Started GET "/movies" for 127.0.0.1 at 2013-09-30 18:57:00 -0700
Processing by MoviesController#index as HTML
Completed 500 Internal Server Error in 2ms

ActiveRecord::StatementInvalid (Could not find table 'movies'):
  app/controllers/movies_controller.rb:10:in `index'


  Rendered /home/saasbook/.rvm/gems/ruby-1.9.3-p448/gems/actionpack-3.2.14/lib/action_dispatch/middleware/templates/rescues/_trace.erb (7.2ms)
  Rendered /home/saasbook/.rvm/gems/ruby-1.9.3-p448/gems/actionpack-3.2.14/lib/action_dispatch/middleware/templates/rescues/_request_and_response.erb (1.9ms)
  Rendered /home/saasbook/.rvm/gems/ruby-1.9.3-p448/gems/actionpack-3.2.14/lib/action_dispatch/middleware/templates/rescues/diagnostics.erb within rescues/layout (209.4ms)
Connecting to database specified by database.yml
Connecting to database specified by database.yml
  [1m[36m (0.1ms)[0m  [1mselect sqlite_version(*)[0m
  [1m[35m (15.0ms)[0m  CREATE TABLE "schema_migrations" ("version" varchar(255) NOT NULL) 
  [1m[36m (7.1ms)[0m  [1mCREATE UNIQUE INDEX "unique_schema_migrations" ON "schema_migrations" ("version")[0m
  [1m[35m (0.1ms)[0m  SELECT "schema_migrations"."version" FROM "schema_migrations" 
Migrating to CreateMovies (20111119180638)
  [1m[36m (0.0ms)[0m  [1mbegin transaction[0m
  [1m[35m (0.4ms)[0m  CREATE TABLE "movies" ("id" INTEGER PRIMARY KEY AUTOINCREMENT NOT NULL, "title" varchar(255), "rating" varchar(255), "description" text, "release_date" datetime, "created_at" datetime NOT NULL, "updated_at" datetime NOT NULL) 
  [1m[36m (0.1ms)[0m  [1mINSERT INTO "schema_migrations" ("version") VALUES ('20111119180638')[0m
  [1m[35m (7.3ms)[0m  commit transaction
  [1m[36m (0.1ms)[0m  [1mSELECT "schema_migrations"."version" FROM "schema_migrations" [0m


Started GET "/movies" for 127.0.0.1 at 2013-10-02 14:41:54 -0700
Connecting to database specified by database.yml
Processing by MoviesController#index as HTML
  [1m[36mMovie Load (0.2ms)[0m  [1mSELECT "movies".* FROM "movies" [0m
  Rendered movies/index.html.haml within layouts/application (15.3ms)
Compiled application.css  (0ms)  (pid 20918)
Compiled jquery.js  (2ms)  (pid 20918)
Compiled jquery_ujs.js  (0ms)  (pid 20918)
Compiled application.js  (45ms)  (pid 20918)
Completed 200 OK in 151ms (Views: 149.1ms | ActiveRecord: 0.2ms)


Started GET "/assets/application.css?body=1" for 127.0.0.1 at 2013-10-02 14:41:55 -0700
Served asset /application.css - 200 OK (3ms)


Started GET "/assets/jquery.js?body=1" for 127.0.0.1 at 2013-10-02 14:41:55 -0700
Served asset /jquery.js - 200 OK (38ms)


Started GET "/assets/jquery_ujs.js?body=1" for 127.0.0.1 at 2013-10-02 14:41:55 -0700
Served asset /jquery_ujs.js - 200 OK (5ms)


Started GET "/assets/application.js?body=1" for 127.0.0.1 at 2013-10-02 14:41:55 -0700
Served asset /application.js - 200 OK (6ms)


Started GET "/movies/new" for 127.0.0.1 at 2013-10-02 14:41:59 -0700
Processing by MoviesController#new as HTML
  Rendered movies/new.html.haml within layouts/application (18.2ms)
Completed 200 OK in 22ms (Views: 21.9ms | ActiveRecord: 0.0ms)


Started GET "/assets/application.css?body=1" for 127.0.0.1 at 2013-10-02 14:41:59 -0700
Served asset /application.css - 304 Not Modified (0ms)


Started GET "/assets/jquery.js?body=1" for 127.0.0.1 at 2013-10-02 14:41:59 -0700
Served asset /jquery.js - 304 Not Modified (0ms)


Started GET "/assets/application.js?body=1" for 127.0.0.1 at 2013-10-02 14:41:59 -0700
Served asset /application.js - 304 Not Modified (1ms)


Started GET "/assets/jquery_ujs.js?body=1" for 127.0.0.1 at 2013-10-02 14:41:59 -0700
Served asset /jquery_ujs.js - 304 Not Modified (0ms)


Started POST "/movies" for 127.0.0.1 at 2013-10-02 14:42:08 -0700
Processing by MoviesController#create as HTML
  Parameters: {"utf8"=>"✓", "authenticity_token"=>"xXe42pXaDKqom6PStzGWmLorhcu2mjYqDPSfMGwza6k=", "movie"=>{"title"=>"UP", "rating"=>"G", "release_date(1i)"=>"2013", "release_date(2i)"=>"10", "release_date(3i)"=>"2"}, "commit"=>"Save Changes"}
  [1m[35m (0.1ms)[0m  begin transaction
  [1m[36mSQL (25.3ms)[0m  [1mINSERT INTO "movies" ("created_at", "description", "rating", "release_date", "title", "updated_at") VALUES (?, ?, ?, ?, ?, ?)[0m  [["created_at", Wed, 02 Oct 2013 21:42:08 UTC +00:00], ["description", nil], ["rating", "G"], ["release_date", Wed, 02 Oct 2013 00:00:00 UTC +00:00], ["title", "UP"], ["updated_at", Wed, 02 Oct 2013 21:42:08 UTC +00:00]]
  [1m[35m (9.7ms)[0m  commit transaction
Redirected to http://localhost:3000/movies
Completed 302 Found in 47ms (ActiveRecord: 35.2ms)


Started GET "/movies" for 127.0.0.1 at 2013-10-02 14:42:09 -0700
Processing by MoviesController#index as HTML
  [1m[36mMovie Load (0.2ms)[0m  [1mSELECT "movies".* FROM "movies" [0m
  Rendered movies/index.html.haml within layouts/application (0.9ms)
Completed 200 OK in 6ms (Views: 4.3ms | ActiveRecord: 0.2ms)


Started GET "/assets/application.css?body=1" for 127.0.0.1 at 2013-10-02 14:42:09 -0700
Served asset /application.css - 304 Not Modified (0ms)


Started GET "/assets/jquery_ujs.js?body=1" for 127.0.0.1 at 2013-10-02 14:42:09 -0700
Served asset /jquery_ujs.js - 304 Not Modified (0ms)


Started GET "/assets/jquery.js?body=1" for 127.0.0.1 at 2013-10-02 14:42:09 -0700
Served asset /jquery.js - 304 Not Modified (1ms)


Started GET "/assets/application.js?body=1" for 127.0.0.1 at 2013-10-02 14:42:09 -0700
Served asset /application.js - 304 Not Modified (1ms)


Started GET "/movies/1" for 127.0.0.1 at 2013-10-02 14:42:13 -0700
Processing by MoviesController#show as HTML
  Parameters: {"id"=>"1"}
  [1m[35mMovie Load (0.5ms)[0m  SELECT "movies".* FROM "movies" WHERE "movies"."id" = ? LIMIT 1  [["id", "1"]]
  Rendered movies/show.html.haml within layouts/application (3.9ms)
Completed 200 OK in 9ms (Views: 6.5ms | ActiveRecord: 0.5ms)


Started GET "/assets/application.css?body=1" for 127.0.0.1 at 2013-10-02 14:42:13 -0700
Served asset /application.css - 304 Not Modified (0ms)


Started GET "/assets/jquery.js?body=1" for 127.0.0.1 at 2013-10-02 14:42:13 -0700
Served asset /jquery.js - 304 Not Modified (0ms)


Started GET "/assets/application.js?body=1" for 127.0.0.1 at 2013-10-02 14:42:13 -0700
Served asset /application.js - 304 Not Modified (1ms)


Started GET "/assets/jquery_ujs.js?body=1" for 127.0.0.1 at 2013-10-02 14:42:13 -0700
Served asset /jquery_ujs.js - 304 Not Modified (0ms)
